<?xml version="1.0" encoding="UTF-8" ?>
<testsuite tests="2" failures="0" name="TestaufrufGoogleIE" time="361.554" errors="2" skipped="0">
  <properties>
[...]
</properties>
  <testcase classname="TestaufrufGoogleIE" name="testTitel" time="180.777">
    <error message="Could not start a new session. Possible causes are invalid address of the remote server or browser start-up failure." type="org.openqa.selenium.SessionNotCreatedException">org.openqa.selenium.SessionNotCreatedException: Could not start a new session. Possible causes are invalid address of the remote server or browser start-up failure.
	at org.openqa.selenium.remote.RemoteWebDriver.execute(RemoteWebDriver.java:561)
	at org.openqa.selenium.remote.RemoteWebDriver.startSession(RemoteWebDriver.java:230)
	at org.openqa.selenium.ie.InternetExplorerDriver.run(InternetExplorerDriver.java:186)
	at org.openqa.selenium.ie.InternetExplorerDriver.&lt;init&gt;(InternetExplorerDriver.java:178)
	at org.openqa.selenium.ie.InternetExplorerDriver.&lt;init&gt;(InternetExplorerDriver.java:142)
	at TestaufrufGoogleIE.initTests(TestaufrufGoogleIE.java:18)
	at java.base/jdk.internal.reflect.NativeMethodAccessorImpl.invoke0(Native Method)
	at java.base/jdk.internal.reflect.NativeMethodAccessorImpl.invoke(NativeMethodAccessorImpl.java:78)
	at java.base/jdk.internal.reflect.DelegatingMethodAccessorImpl.invoke(DelegatingMethodAccessorImpl.java:43)
	at java.base/java.lang.reflect.Method.invoke(Method.java:567)
	at org.junit.runners.model.FrameworkMethod$1.runReflectiveCall(FrameworkMethod.java:59)
	at org.junit.internal.runners.model.ReflectiveCallable.run(ReflectiveCallable.java:12)
	at org.junit.runners.model.FrameworkMethod.invokeExplosively(FrameworkMethod.java:56)
	at org.junit.internal.runners.statements.RunBefores.invokeMethod(RunBefores.java:33)
	at org.junit.internal.runners.statements.RunBefores.evaluate(RunBefores.java:24)
	at org.junit.internal.runners.statements.RunAfters.evaluate(RunAfters.java:27)
	at org.junit.runners.ParentRunner$3.evaluate(ParentRunner.java:306)
	at org.junit.runners.BlockJUnit4ClassRunner$1.evaluate(BlockJUnit4ClassRunner.java:100)
	at org.junit.runners.ParentRunner.runLeaf(ParentRunner.java:366)
	at org.junit.runners.BlockJUnit4ClassRunner.runChild(BlockJUnit4ClassRunner.java:103)
	at org.junit.runners.BlockJUnit4ClassRunner.runChild(BlockJUnit4ClassRunner.java:63)
	at org.junit.runners.ParentRunner$4.run(ParentRunner.java:331)
	at org.junit.runners.ParentRunner$1.schedule(ParentRunner.java:79)
	at org.junit.runners.ParentRunner.runChildren(ParentRunner.java:329)
	at org.junit.runners.ParentRunner.access$100(ParentRunner.java:66)
	at org.junit.runners.ParentRunner$2.evaluate(ParentRunner.java:293)
	at org.junit.runners.ParentRunner$3.evaluate(ParentRunner.java:306)
	at org.junit.runners.ParentRunner.run(ParentRunner.java:413)
	at org.apache.maven.surefire.junit4.JUnit4Provider.execute(JUnit4Provider.java:252)
	at org.apache.maven.surefire.junit4.JUnit4Provider.executeTestSet(JUnit4Provider.java:141)
	at org.apache.maven.surefire.junit4.JUnit4Provider.invoke(JUnit4Provider.java:112)
	at java.base/jdk.internal.reflect.NativeMethodAccessorImpl.invoke0(Native Method)
	at java.base/jdk.internal.reflect.NativeMethodAccessorImpl.invoke(NativeMethodAccessorImpl.java:78)
	at java.base/jdk.internal.reflect.DelegatingMethodAccessorImpl.invoke(DelegatingMethodAccessorImpl.java:43)
	at java.base/java.lang.reflect.Method.invoke(Method.java:567)
	at org.apache.maven.surefire.util.ReflectionUtils.invokeMethodWithArray(ReflectionUtils.java:189)
	at org.apache.maven.surefire.booter.ProviderFactory$ProviderProxy.invoke(ProviderFactory.java:165)
	at org.apache.maven.surefire.booter.ProviderFactory.invokeProvider(ProviderFactory.java:85)
	at org.apache.maven.surefire.booter.ForkedBooter.runSuitesInProcess(ForkedBooter.java:115)
	at org.apache.maven.surefire.booter.ForkedBooter.main(ForkedBooter.java:75)
Caused by: org.openqa.selenium.TimeoutException: java.util.concurrent.TimeoutException
Build info: version: &apos;4.1.1&apos;, revision: &apos;e8fcc2cecf&apos;
System info: host: &apos;DESKTOP-P7Q9JE3&apos;, ip: &apos;192.168.0.220&apos;, os.name: &apos;Windows 10&apos;, os.arch: &apos;amd64&apos;, os.version: &apos;10.0&apos;, java.version: &apos;16.0.1&apos;
Driver info: driver.version: InternetExplorerDriver
	at org.openqa.selenium.remote.http.netty.NettyHttpHandler.makeCall(NettyHttpHandler.java:72)
	at org.openqa.selenium.remote.http.RetryRequest.lambda$apply$6(RetryRequest.java:83)
	at net.jodah.failsafe.Functions.lambda$get$0(Functions.java:48)
	at net.jodah.failsafe.RetryPolicyExecutor.lambda$supply$0(RetryPolicyExecutor.java:66)
	at net.jodah.failsafe.RetryPolicyExecutor.lambda$supply$0(RetryPolicyExecutor.java:66)
	at net.jodah.failsafe.RetryPolicyExecutor.lambda$supply$0(RetryPolicyExecutor.java:66)
	at net.jodah.failsafe.Execution.executeSync(Execution.java:128)
	at net.jodah.failsafe.FailsafeExecutor.call(FailsafeExecutor.java:379)
	at net.jodah.failsafe.FailsafeExecutor.get(FailsafeExecutor.java:68)
	at org.openqa.selenium.remote.http.RetryRequest.lambda$apply$7(RetryRequest.java:83)
	at org.openqa.selenium.remote.http.AddSeleniumUserAgent.lambda$apply$0(AddSeleniumUserAgent.java:42)
	at org.openqa.selenium.remote.http.Filter.lambda$andFinally$1(Filter.java:56)
	at org.openqa.selenium.remote.http.netty.NettyHttpHandler.execute(NettyHttpHandler.java:51)
	at org.openqa.selenium.remote.http.RetryRequest.lambda$apply$6(RetryRequest.java:83)
	at net.jodah.failsafe.Functions.lambda$get$0(Functions.java:48)
	at net.jodah.failsafe.RetryPolicyExecutor.lambda$supply$0(RetryPolicyExecutor.java:66)
	at net.jodah.failsafe.RetryPolicyExecutor.lambda$supply$0(RetryPolicyExecutor.java:66)
	at net.jodah.failsafe.RetryPolicyExecutor.lambda$supply$0(RetryPolicyExecutor.java:66)
	at net.jodah.failsafe.Execution.executeSync(Execution.java:128)
	at net.jodah.failsafe.FailsafeExecutor.call(FailsafeExecutor.java:379)
	at net.jodah.failsafe.FailsafeExecutor.get(FailsafeExecutor.java:68)
	at org.openqa.selenium.remote.http.RetryRequest.lambda$apply$7(RetryRequest.java:83)
	at org.openqa.selenium.remote.http.AddSeleniumUserAgent.lambda$apply$0(AddSeleniumUserAgent.java:42)
	at org.openqa.selenium.remote.http.Filter.lambda$andFinally$1(Filter.java:56)
	at org.openqa.selenium.remote.http.netty.NettyClient.execute(NettyClient.java:110)
	at org.openqa.selenium.remote.ProtocolHandshake.createSession(ProtocolHandshake.java:102)
	at org.openqa.selenium.remote.ProtocolHandshake.createSession(ProtocolHandshake.java:84)
	at org.openqa.selenium.remote.ProtocolHandshake.createSession(ProtocolHandshake.java:62)
	at org.openqa.selenium.remote.HttpCommandExecutor.execute(HttpCommandExecutor.java:156)
	at org.openqa.selenium.remote.service.DriverCommandExecutor.invokeExecute(DriverCommandExecutor.java:167)
	at org.openqa.selenium.remote.service.DriverCommandExecutor.execute(DriverCommandExecutor.java:142)
	at org.openqa.selenium.remote.RemoteWebDriver.execute(RemoteWebDriver.java:543)
	... 39 more
Caused by: java.util.concurrent.TimeoutException
	at java.base/java.util.concurrent.CompletableFuture.timedGet(CompletableFuture.java:1956)
	at java.base/java.util.concurrent.CompletableFuture.get(CompletableFuture.java:2091)
	at org.asynchttpclient.netty.NettyResponseFuture.get(NettyResponseFuture.java:206)
	at org.openqa.selenium.remote.http.netty.NettyHttpHandler.makeCall(NettyHttpHandler.java:66)
	... 70 more
</error>
    <system-out>starte Webdriver
Test abgeschlossen - ich rÃ¤ume auf
</system-out>
    <system-err>Started InternetExplorerDriver server (32-bit)
4.0.0.0
Listening on port 62838
Only local connections are allowed
</system-err>
  </testcase>
  <testcase classname="TestaufrufGoogleIE" name="testTitel" time="180.777">
    <error message="Cannot invoke &quot;org.openqa.selenium.WebDriver.close()&quot; because &quot;this.driver&quot; is null" type="java.lang.NullPointerException">java.lang.NullPointerException: Cannot invoke &quot;org.openqa.selenium.WebDriver.close()&quot; because &quot;this.driver&quot; is null
	at TestaufrufGoogleIE.afterTest(TestaufrufGoogleIE.java:25)
	at java.base/jdk.internal.reflect.NativeMethodAccessorImpl.invoke0(Native Method)
	at java.base/jdk.internal.reflect.NativeMethodAccessorImpl.invoke(NativeMethodAccessorImpl.java:78)
	at java.base/jdk.internal.reflect.DelegatingMethodAccessorImpl.invoke(DelegatingMethodAccessorImpl.java:43)
	at java.base/java.lang.reflect.Method.invoke(Method.java:567)
	at org.junit.runners.model.FrameworkMethod$1.runReflectiveCall(FrameworkMethod.java:59)
	at org.junit.internal.runners.model.ReflectiveCallable.run(ReflectiveCallable.java:12)
	at org.junit.runners.model.FrameworkMethod.invokeExplosively(FrameworkMethod.java:56)
	at org.junit.internal.runners.statements.RunAfters.invokeMethod(RunAfters.java:46)
	at org.junit.internal.runners.statements.RunAfters.evaluate(RunAfters.java:33)
	at org.junit.runners.ParentRunner$3.evaluate(ParentRunner.java:306)
	at org.junit.runners.BlockJUnit4ClassRunner$1.evaluate(BlockJUnit4ClassRunner.java:100)
	at org.junit.runners.ParentRunner.runLeaf(ParentRunner.java:366)
	at org.junit.runners.BlockJUnit4ClassRunner.runChild(BlockJUnit4ClassRunner.java:103)
	at org.junit.runners.BlockJUnit4ClassRunner.runChild(BlockJUnit4ClassRunner.java:63)
	at org.junit.runners.ParentRunner$4.run(ParentRunner.java:331)
	at org.junit.runners.ParentRunner$1.schedule(ParentRunner.java:79)
	at org.junit.runners.ParentRunner.runChildren(ParentRunner.java:329)
	at org.junit.runners.ParentRunner.access$100(ParentRunner.java:66)
	at org.junit.runners.ParentRunner$2.evaluate(ParentRunner.java:293)
	at org.junit.runners.ParentRunner$3.evaluate(ParentRunner.java:306)
	at org.junit.runners.ParentRunner.run(ParentRunner.java:413)
	at org.apache.maven.surefire.junit4.JUnit4Provider.execute(JUnit4Provider.java:252)
	at org.apache.maven.surefire.junit4.JUnit4Provider.executeTestSet(JUnit4Provider.java:141)
	at org.apache.maven.surefire.junit4.JUnit4Provider.invoke(JUnit4Provider.java:112)
	at java.base/jdk.internal.reflect.NativeMethodAccessorImpl.invoke0(Native Method)
	at java.base/jdk.internal.reflect.NativeMethodAccessorImpl.invoke(NativeMethodAccessorImpl.java:78)
	at java.base/jdk.internal.reflect.DelegatingMethodAccessorImpl.invoke(DelegatingMethodAccessorImpl.java:43)
	at java.base/java.lang.reflect.Method.invoke(Method.java:567)
	at org.apache.maven.surefire.util.ReflectionUtils.invokeMethodWithArray(ReflectionUtils.java:189)
	at org.apache.maven.surefire.booter.ProviderFactory$ProviderProxy.invoke(ProviderFactory.java:165)
	at org.apache.maven.surefire.booter.ProviderFactory.invokeProvider(ProviderFactory.java:85)
	at org.apache.maven.surefire.booter.ForkedBooter.runSuitesInProcess(ForkedBooter.java:115)
	at org.apache.maven.surefire.booter.ForkedBooter.main(ForkedBooter.java:75)
</error>
  </testcase>
</testsuite>